Log file open, 10/25/22 12:23:32
LogWindows: Failed to load 'aqProf.dll' (GetLastError=126)
LogWindows: File 'aqProf.dll' does not exist
LogWindows: Failed to load 'VtuneApi.dll' (GetLastError=126)
LogWindows: File 'VtuneApi.dll' does not exist
LogWindows: Failed to load 'VtuneApi32e.dll' (GetLastError=126)
LogWindows: File 'VtuneApi32e.dll' does not exist
LogConsoleResponse: Display: Failed to find resolution value strings in scalability ini. Falling back to default.
LogConsoleResponse: Display: Failed to find resolution value strings in scalability ini. Falling back to default.
LogInit: Display: Running engine for game: GameDesign6
LogPlatformFile: Not using cached read wrapper
LogTaskGraph: Started task graph with 5 named threads and 23 total threads with 3 sets of task threads.
LogStats: Stats thread started at 0.644981
LogICUInternationalization: ICU TimeZone Detection - Raw Offset: -5:00, Platform Override: ''
LogInit: Display: Loading text-based GConfig....
LogPluginManager: Mounting plugin MeshPainting
LogPluginManager: Mounting plugin XGEController
LogPluginManager: Mounting plugin Paper2D
LogPluginManager: Mounting plugin LiveLink
LogPluginManager: Mounting plugin AISupport
LogPluginManager: Mounting plugin EnvironmentQueryEditor
LogPluginManager: Mounting plugin LightPropagationVolume
LogPluginManager: Mounting plugin CameraShakePreviewer
LogPluginManager: Mounting plugin OodleData
LogPluginManager: Mounting plugin OodleNetwork
LogPluginManager: Mounting plugin AnimationSharing
LogPluginManager: Mounting plugin CodeLiteSourceCodeAccess
LogPluginManager: Mounting plugin CLionSourceCodeAccess
LogPluginManager: Mounting plugin GitSourceControl
LogPluginManager: Mounting plugin KDevelopSourceCodeAccess
LogPluginManager: Mounting plugin NullSourceCodeAccess
LogPluginManager: Mounting plugin PerforceSourceControl
LogPluginManager: Mounting plugin GameplayCameras
LogPluginManager: Mounting plugin PixWinPlugin
LogPluginManager: Mounting plugin PlasticSourceControl
LogPluginManager: Mounting plugin PluginUtils
LogPluginManager: Mounting plugin PropertyAccessNode
LogPluginManager: Mounting plugin DatasmithContent
LogPluginManager: Mounting plugin RiderSourceCodeAccess
LogPluginManager: Mounting plugin SubversionSourceControl
LogPluginManager: Mounting plugin AssetManagerEditor
LogPluginManager: Mounting plugin CryptoKeys
LogPluginManager: Mounting plugin CurveEditorTools
LogPluginManager: Mounting plugin DataValidation
LogPluginManager: Mounting plugin FacialAnimation
LogPluginManager: Mounting plugin GameplayTagsEditor
LogPluginManager: Mounting plugin GeometryMode
LogPluginManager: Mounting plugin MacGraphicsSwitching
LogPluginManager: Mounting plugin MaterialAnalyzer
LogPluginManager: Mounting plugin MobileLauncherProfileWizard
LogPluginManager: Mounting plugin VariantManagerContent
LogPluginManager: Mounting plugin PluginBrowser
LogPluginManager: Mounting plugin SpeedTreeImporter
LogPluginManager: Mounting plugin TextureFormatOodle
LogPluginManager: Mounting plugin UObjectPlugin
LogPluginManager: Mounting plugin VisualStudioCodeSourceCodeAccess
LogPluginManager: Mounting plugin VisualStudioSourceCodeAccess
LogPluginManager: Mounting plugin XCodeSourceCodeAccess
LogPluginManager: Mounting plugin Niagara
LogPluginManager: Mounting plugin AlembicImporter
LogPluginManager: Mounting plugin AutomationUtils
LogPluginManager: Mounting plugin BackChannel
LogPluginManager: Mounting plugin ChaosCloth
LogPluginManager: Mounting plugin ChaosClothEditor
LogPluginManager: Mounting plugin ChaosEditor
LogPluginManager: Mounting plugin ChaosNiagara
LogPluginManager: Mounting plugin ChaosSolverPlugin
LogPluginManager: Mounting plugin CharacterAI
LogPluginManager: Mounting plugin LuminPlatformFeatures
LogPluginManager: Mounting plugin MagicLeap
LogPluginManager: Mounting plugin MagicLeapLightEstimation
LogPluginManager: Mounting plugin MagicLeapMedia
LogPluginManager: Mounting plugin MagicLeapPassableWorld
LogPluginManager: Mounting plugin GeometryCache
LogPluginManager: Mounting plugin MLSDK
LogPluginManager: Mounting plugin GeometryCollectionPlugin
LogPluginManager: Mounting plugin GeometryProcessing
LogPluginManager: Mounting plugin MotoSynth
LogPluginManager: Mounting plugin OpenImageDenoise
LogPluginManager: Mounting plugin PlanarCut
LogPluginManager: Mounting plugin PlatformCrypto
LogPluginManager: Mounting plugin ProxyLODPlugin
LogPluginManager: Mounting plugin PythonScriptPlugin
LogPluginManager: Mounting plugin TcpMessaging
LogPluginManager: Mounting plugin UdpMessaging
LogPluginManager: Mounting plugin AndroidMedia
LogPluginManager: Mounting plugin AvfMedia
LogPluginManager: Mounting plugin ImgMedia
LogPluginManager: Mounting plugin MediaCompositing
LogPluginManager: Mounting plugin MediaPlayerEditor
LogPluginManager: Mounting plugin WebMMedia
LogPluginManager: Mounting plugin WmfMedia
LogPluginManager: Mounting plugin SkeletalReduction
LogPluginManager: Mounting plugin ActorSequence
LogPluginManager: Mounting plugin LevelSequenceEditor
LogPluginManager: Mounting plugin MatineeToLevelSequence
LogPluginManager: Mounting plugin TemplateSequence
LogPluginManager: Mounting plugin LauncherChunkInstaller
LogPluginManager: Mounting plugin OnlineSubsystem
LogPluginManager: Mounting plugin OnlineSubsystemNull
LogPluginManager: Mounting plugin ActorLayerUtilities
LogPluginManager: Mounting plugin AndroidDeviceProfileSelector
LogPluginManager: Mounting plugin AndroidMoviePlayer
LogPluginManager: Mounting plugin AndroidPermission
LogPluginManager: Mounting plugin AppleMoviePlayer
LogPluginManager: Mounting plugin AppleImageUtils
LogPluginManager: Mounting plugin ArchVisCharacter
LogPluginManager: Mounting plugin AssetTags
LogPluginManager: Mounting plugin AudioCapture
LogPluginManager: Mounting plugin OnlineSubsystemUtils
LogPluginManager: Mounting plugin AudioSynesthesia
LogPluginManager: Mounting plugin CableComponent
LogPluginManager: Mounting plugin CustomMeshComponent
LogPluginManager: Mounting plugin ExampleDeviceProfileSelector
LogPluginManager: Mounting plugin EditableMesh
LogPluginManager: Mounting plugin ChunkDownloader
LogPluginManager: Mounting plugin ScreenshotTools
LogPluginManager: Mounting plugin GoogleCloudMessaging
LogPluginManager: Mounting plugin GooglePAD
LogPluginManager: Mounting plugin IOSDeviceProfileSelector
LogPluginManager: Mounting plugin LinuxDeviceProfileSelector
LogPluginManager: Mounting plugin LocationServicesBPLibrary
LogPluginManager: Mounting plugin MobilePatchingUtils
LogPluginManager: Mounting plugin OpenXR
LogPluginManager: Mounting plugin OpenXREyeTracker
LogPluginManager: Mounting plugin OpenXRHandTracking
LogPluginManager: Mounting plugin PhysXVehicles
LogPluginManager: Mounting plugin PostSplashScreen
LogPluginManager: Mounting plugin ProceduralMeshComponent
LogPluginManager: Mounting plugin PropertyAccessEditor
LogPluginManager: Mounting plugin RuntimePhysXCooking
LogPluginManager: Mounting plugin SignificanceManager
LogPluginManager: Mounting plugin SoundFields
LogPluginManager: Mounting plugin Synthesis
LogPluginManager: Mounting plugin Takes
LogPluginManager: Mounting plugin WindowsMoviePlayer
LogPluginManager: Mounting plugin WebMMoviePlayer
LogPluginManager: Mounting plugin ContentBrowserAssetDataSource
LogPluginManager: Mounting plugin ContentBrowserClassDataSource
LogPluginManager: Mounting plugin ContentBrowserFileDataSource
LogPluginManager: Mounting plugin OnlineSubsystemGooglePlay
LogPluginManager: Mounting plugin OnlineSubsystemIOS
LogPluginManager: Mounting plugin OculusVR
LogPluginManager: Mounting plugin SteamVR
PixWinPlugin: PIX capture plugin failed to initialize! Check that the process is launched from PIX.
LogLuminAPIImpl: Warning: MLSDK not found.  This likely means the MLSDK environment variable is not set.
LogInit: Using libcurl 7.55.1-DEV
LogInit:  - built for x86_64-pc-win32
LogInit:  - supports SSL with OpenSSL/1.1.1
LogInit:  - supports HTTP deflate (compression) using libz 1.2.8
LogInit:  - other features:
LogInit:      CURL_VERSION_SSL
LogInit:      CURL_VERSION_LIBZ
LogInit:      CURL_VERSION_IPV6
LogInit:      CURL_VERSION_ASYNCHDNS
LogInit:      CURL_VERSION_LARGEFILE
LogInit:      CURL_VERSION_IDN
LogInit:  CurlRequestOptions (configurable via config and command line):
LogInit:  - bVerifyPeer = true  - Libcurl will verify peer certificate
LogInit:  - bUseHttpProxy = false  - Libcurl will NOT use HTTP proxy
LogInit:  - bDontReuseConnections = false  - Libcurl will reuse connections
LogInit:  - MaxHostConnections = 16  - Libcurl will limit the number of connections to a host
LogInit:  - LocalHostAddr = Default
LogInit:  - BufferSize = 65536
LogOnline: OSS: Creating online subsystem instance for: NULL
LogInit: WinSock: version 1.1 (2.2), MaxSocks=32767, MaxUdp=65467
LogOnline: OSS: TryLoadSubsystemAndSetDefault: Loaded subsystem for module [NULL]
LogOculusPluginWrapper: OculusPlugin initialized successfully
LogHMD: Failed initializing OVRPlugin 1.59.0
LogInit: Build: ++UE4+Release-4.27-CL-18319896
LogInit: Engine Version: 4.27.2-18319896+++UE4+Release-4.27
LogInit: Compatible Engine Version: 4.27.0-17155196+++UE4+Release-4.27
LogInit: Net CL: 17155196
LogInit: OS: Windows 10 (Release 2009) (), CPU: Intel(R) Core(TM) i7-6700HQ CPU @ 2.60GHz, GPU: Intel(R) HD Graphics 530
LogInit: Compiled (64-bit): Nov 30 2021 07:12:08
LogInit: Compiled with Visual C++: 19.24.28315.00
LogInit: Build Configuration: Development
LogInit: Branch Name: ++UE4+Release-4.27
LogInit: Command Line:  -EpicPortal -epicusername=beccakzz -epicuserid=bdc5fef0b2da4a2080f532cf16520144 -epiclocale=en -epicsandboxid=ue
LogInit: Base Directory: C:/Program Files/Epic Games/UE_4.27/Engine/Binaries/Win64/
LogInit: Allocator: TBB
LogInit: Installed Engine Build: 1
LogDevObjectVersion: Number of dev versions registered: 29
LogDevObjectVersion:   Dev-Blueprints (B0D832E4-1F89-4F0D-ACCF-7EB736FD4AA2): 10
LogDevObjectVersion:   Dev-Build (E1C64328-A22C-4D53-A36C-8E866417BD8C): 0
LogDevObjectVersion:   Dev-Core (375EC13C-06E4-48FB-B500-84F0262A717E): 4
LogDevObjectVersion:   Dev-Editor (E4B068ED-F494-42E9-A231-DA0B2E46BB41): 40
LogDevObjectVersion:   Dev-Framework (CFFC743F-43B0-4480-9391-14DF171D2073): 37
LogDevObjectVersion:   Dev-Mobile (B02B49B5-BB20-44E9-A304-32B752E40360): 3
LogDevObjectVersion:   Dev-Networking (A4E4105C-59A1-49B5-A7C5-40C4547EDFEE): 0
LogDevObjectVersion:   Dev-Online (39C831C9-5AE6-47DC-9A44-9C173E1C8E7C): 0
LogDevObjectVersion:   Dev-Physics (78F01B33-EBEA-4F98-B9B4-84EACCB95AA2): 14
LogDevObjectVersion:   Dev-Platform (6631380F-2D4D-43E0-8009-CF276956A95A): 0
LogDevObjectVersion:   Dev-Rendering (12F88B9F-8875-4AFC-A67C-D90C383ABD29): 45
LogDevObjectVersion:   Dev-Sequencer (7B5AE74C-D270-4C10-A958-57980B212A5A): 13
LogDevObjectVersion:   Dev-VR (D7296918-1DD6-4BDD-9DE2-64A83CC13884): 3
LogDevObjectVersion:   Dev-LoadTimes (C2A15278-BFE7-4AFE-6C17-90FF531DF755): 1
LogDevObjectVersion:   Private-Geometry (6EACA3D4-40EC-4CC1-B786-8BED09428FC5): 3
LogDevObjectVersion:   Dev-AnimPhys (29E575DD-E0A3-4627-9D10-D276232CDCEA): 17
LogDevObjectVersion:   Dev-Anim (AF43A65D-7FD3-4947-9873-3E8ED9C1BB05): 15
LogDevObjectVersion:   Dev-ReflectionCapture (6B266CEC-1EC7-4B8F-A30B-E4D90942FC07): 1
LogDevObjectVersion:   Dev-Automation (0DF73D61-A23F-47EA-B727-89E90C41499A): 1
LogDevObjectVersion:   FortniteMain (601D1886-AC64-4F84-AA16-D3DE0DEAC7D6): 47
LogDevObjectVersion:   FortniteRelease (E7086368-6B23-4C58-8439-1B7016265E91): 1
LogDevObjectVersion:   Dev-Enterprise (9DFFBCD6-494F-0158-E221-12823C92A888): 10
LogDevObjectVersion:   Dev-Niagara (F2AED0AC-9AFE-416F-8664-AA7FFA26D6FC): 1
LogDevObjectVersion:   Dev-Destruction (174F1F0B-B4C6-45A5-B13F-2EE8D0FB917D): 10
LogDevObjectVersion:   Dev-Physics-Ext (35F94A83-E258-406C-A318-09F59610247C): 41
LogDevObjectVersion:   Dev-PhysicsMaterial-Chaos (B68FC16E-8B1B-42E2-B453-215C058844FE): 1
LogDevObjectVersion:   Dev-CineCamera (B2E18506-4273-CFC2-A54E-F4BB758BBA07): 1
LogDevObjectVersion:   Dev-VirtualProduction (64F58936-FD1B-42BA-BA96-7289D5D0FA4E): 1
LogDevObjectVersion:   Dev-MediaFramework (6F0ED827-A609-4895-9C91-998D90180EA4): 2
LogInit: Presizing for max 25165824 objects, including 0 objects not considered by GC, pre-allocating 0 bytes for permanent pool.
LogConfig: Applying CVar settings from Section [/Script/Engine.StreamingSettings] File [C:/Users/kizelerr/OneDrive - School Board of Seminole County/Documents/GitHub/GameDesign6/GameDesign6/Saved/Config/Windows/Engine.ini]
LogConfig: Setting CVar [[s.MinBulkDataSizeForAsyncLoading:131072]]
LogConfig: Setting CVar [[s.AsyncLoadingThreadEnabled:0]]
LogConfig: Setting CVar [[s.EventDrivenLoaderEnabled:1]]
LogConfig: Setting CVar [[s.WarnIfTimeLimitExceeded:0]]
LogConfig: Setting CVar [[s.TimeLimitExceededMultiplier:1.5]]
LogConfig: Setting CVar [[s.TimeLimitExceededMinTime:0.005]]
LogConfig: Setting CVar [[s.UseBackgroundLevelStreaming:1]]
LogConfig: Setting CVar [[s.PriorityAsyncLoadingExtraTime:15.0]]
LogConfig: Setting CVar [[s.LevelStreamingActorsUpdateTimeLimit:5.0]]
LogConfig: Setting CVar [[s.PriorityLevelStreamingActorsUpdateExtraTime:5.0]]
LogConfig: Setting CVar [[s.LevelStreamingComponentsRegistrationGranularity:10]]
LogConfig: Setting CVar [[s.UnregisterComponentsTimeLimit:1.0]]
LogConfig: Setting CVar [[s.LevelStreamingComponentsUnregistrationGranularity:5]]
LogConfig: Setting CVar [[s.FlushStreamingOnExit:1]]
LogInit: Object subsystem initialized
LogConfig: Setting CVar [[con.DebugEarlyDefault:1]]
LogConfig: Setting CVar [[r.setres:1280x720]]
[2022.10.25-16.23.33:132][  0]LogConfig: Setting CVar [[r.VSync:0]]
[2022.10.25-16.23.33:132][  0]LogConfig: Setting CVar [[r.RHICmdBypass:0]]
[2022.10.25-16.23.33:132][  0]LogConfig: Applying CVar settings from Section [/Script/Engine.RendererSettings] File [C:/Users/kizelerr/OneDrive - School Board of Seminole County/Documents/GitHub/GameDesign6/GameDesign6/Saved/Config/Windows/Engine.ini]
[2022.10.25-16.23.33:132][  0]LogConfig: Setting CVar [[r.GPUCrashDebugging:0]]
[2022.10.25-16.23.33:132][  0]LogConfig: Setting CVar [[r.MobileHDR:0]]
[2022.10.25-16.23.33:132][  0]LogConfig: Applying CVar settings from Section [/Script/Engine.RendererOverrideSettings] File [C:/Users/kizelerr/OneDrive - School Board of Seminole County/Documents/GitHub/GameDesign6/GameDesign6/Saved/Config/Windows/Engine.ini]
[2022.10.25-16.23.33:132][  0]LogConfig: Applying CVar settings from Section [/Script/Engine.StreamingSettings] File [C:/Users/kizelerr/OneDrive - School Board of Seminole County/Documents/GitHub/GameDesign6/GameDesign6/Saved/Config/Windows/Engine.ini]
[2022.10.25-16.23.33:132][  0]LogConfig: Setting CVar [[s.MinBulkDataSizeForAsyncLoading:131072]]
[2022.10.25-16.23.33:132][  0]LogConfig: Setting CVar [[s.AsyncLoadingThreadEnabled:0]]
[2022.10.25-16.23.33:132][  0]LogConfig: Setting CVar [[s.EventDrivenLoaderEnabled:1]]
[2022.10.25-16.23.33:132][  0]LogConfig: Setting CVar [[s.WarnIfTimeLimitExceeded:0]]
[2022.10.25-16.23.33:132][  0]LogConfig: Setting CVar [[s.TimeLimitExceededMultiplier:1.5]]
[2022.10.25-16.23.33:132][  0]LogConfig: Setting CVar [[s.TimeLimitExceededMinTime:0.005]]
[2022.10.25-16.23.33:132][  0]LogConfig: Setting CVar [[s.UseBackgroundLevelStreaming:1]]
[2022.10.25-16.23.33:132][  0]LogConfig: Setting CVar [[s.PriorityAsyncLoadingExtraTime:15.0]]
[2022.10.25-16.23.33:132][  0]LogConfig: Setting CVar [[s.LevelStreamingActorsUpdateTimeLimit:5.0]]
[2022.10.25-16.23.33:132][  0]LogConfig: Setting CVar [[s.PriorityLevelStreamingActorsUpdateExtraTime:5.0]]
[2022.10.25-16.23.33:132][  0]LogConfig: Setting CVar [[s.LevelStreamingComponentsRegistrationGranularity:10]]
[2022.10.25-16.23.33:132][  0]LogConfig: Setting CVar [[s.UnregisterComponentsTimeLimit:1.0]]
[2022.10.25-16.23.33:132][  0]LogConfig: Setting CVar [[s.LevelStreamingComponentsUnregistrationGranularity:5]]
[2022.10.25-16.23.33:132][  0]LogConfig: Setting CVar [[s.FlushStreamingOnExit:1]]
[2022.10.25-16.23.33:132][  0]LogConfig: Applying CVar settings from Section [/Script/Engine.GarbageCollectionSettings] File [C:/Users/kizelerr/OneDrive - School Board of Seminole County/Documents/GitHub/GameDesign6/GameDesign6/Saved/Config/Windows/Engine.ini]
[2022.10.25-16.23.33:132][  0]LogConfig: Setting CVar [[gc.MaxObjectsNotConsideredByGC:1]]
[2022.10.25-16.23.33:132][  0]LogConfig: Setting CVar [[gc.SizeOfPermanentObjectPool:0]]
[2022.10.25-16.23.33:132][  0]LogConfig: Setting CVar [[gc.FlushStreamingOnGC:0]]
[2022.10.25-16.23.33:132][  0]LogConfig: Setting CVar [[gc.NumRetriesBeforeForcingGC:10]]
[2022.10.25-16.23.33:132][  0]LogConfig: Setting CVar [[gc.AllowParallelGC:1]]
[2022.10.25-16.23.33:132][  0]LogConfig: Setting CVar [[gc.TimeBetweenPurgingPendingKillObjects:61.1]]
[2022.10.25-16.23.33:132][  0]LogConfig: Setting CVar [[gc.MaxObjectsInEditor:25165824]]
[2022.10.25-16.23.33:133][  0]LogConfig: Setting CVar [[gc.IncrementalBeginDestroyEnabled:1]]
[2022.10.25-16.23.33:133][  0]LogConfig: Setting CVar [[gc.CreateGCClusters:1]]
[2022.10.25-16.23.33:133][  0]LogConfig: Setting CVar [[gc.MinGCClusterSize:5]]
[2022.10.25-16.23.33:133][  0]LogConfig: Setting CVar [[gc.ActorClusteringEnabled:0]]
[2022.10.25-16.23.33:133][  0]LogConfig: Setting CVar [[gc.BlueprintClusteringEnabled:0]]
[2022.10.25-16.23.33:133][  0]LogConfig: Setting CVar [[gc.UseDisregardForGCOnDedicatedServers:0]]
[2022.10.25-16.23.33:133][  0]LogConfig: Setting CVar [[gc.MultithreadedDestructionEnabled:1]]
[2022.10.25-16.23.33:133][  0]LogConfig: Applying CVar settings from Section [/Script/Engine.NetworkSettings] File [C:/Users/kizelerr/OneDrive - School Board of Seminole County/Documents/GitHub/GameDesign6/GameDesign6/Saved/Config/Windows/Engine.ini]
[2022.10.25-16.23.33:133][  0]LogConfig: Applying CVar settings from Section [/Script/UnrealEd.CookerSettings] File [C:/Users/kizelerr/OneDrive - School Board of Seminole County/Documents/GitHub/GameDesign6/GameDesign6/Saved/Config/Windows/Engine.ini]
[2022.10.25-16.23.33:152][  0]LogConfig: Applying CVar settings from Section [ViewDistanceQuality@3] File [C:/Users/kizelerr/OneDrive - School Board of Seminole County/Documents/GitHub/GameDesign6/GameDesign6/Saved/Config/Windows/Scalability.ini]
[2022.10.25-16.23.33:152][  0]LogConfig: Setting CVar [[r.SkeletalMeshLODBias:0]]
[2022.10.25-16.23.33:152][  0]LogConfig: Setting CVar [[r.ViewDistanceScale:1.0]]
[2022.10.25-16.23.33:152][  0]LogConfig: Applying CVar settings from Section [AntiAliasingQuality@3] File [C:/Users/kizelerr/OneDrive - School Board of Seminole County/Documents/GitHub/GameDesign6/GameDesign6/Saved/Config/Windows/Scalability.ini]
[2022.10.25-16.23.33:152][  0]LogConfig: Setting CVar [[r.PostProcessAAQuality:4]]
[2022.10.25-16.23.33:152][  0]LogConfig: Applying CVar settings from Section [ShadowQuality@3] File [C:/Users/kizelerr/OneDrive - School Board of Seminole County/Documents/GitHub/GameDesign6/GameDesign6/Saved/Config/Windows/Scalability.ini]
[2022.10.25-16.23.33:152][  0]LogConfig: Setting CVar [[r.LightFunctionQuality:1]]
[2022.10.25-16.23.33:152][  0]LogConfig: Setting CVar [[r.ShadowQuality:5]]
[2022.10.25-16.23.33:152][  0]LogConfig: Setting CVar [[r.Shadow.CSM.MaxCascades:10]]
[2022.10.25-16.23.33:152][  0]LogConfig: Setting CVar [[r.Shadow.MaxResolution:2048]]
[2022.10.25-16.23.33:152][  0]LogConfig: Setting CVar [[r.Shadow.MaxCSMResolution:2048]]
[2022.10.25-16.23.33:152][  0]LogConfig: Setting CVar [[r.Shadow.RadiusThreshold:0.01]]
[2022.10.25-16.23.33:152][  0]LogConfig: Setting CVar [[r.Shadow.DistanceScale:1.0]]
[2022.10.25-16.23.33:152][  0]LogConfig: Setting CVar [[r.Shadow.CSM.TransitionScale:1.0]]
[2022.10.25-16.23.33:152][  0]LogConfig: Setting CVar [[r.Shadow.PreShadowResolutionFactor:1.0]]
[2022.10.25-16.23.33:152][  0]LogConfig: Setting CVar [[r.DistanceFieldShadowing:1]]
[2022.10.25-16.23.33:152][  0]LogConfig: Setting CVar [[r.DistanceFieldAO:1]]
[2022.10.25-16.23.33:152][  0]LogConfig: Setting CVar [[r.AOQuality:2]]
[2022.10.25-16.23.33:152][  0]LogConfig: Setting CVar [[r.VolumetricFog:1]]
[2022.10.25-16.23.33:152][  0]LogConfig: Setting CVar [[r.VolumetricFog.GridPixelSize:8]]
[2022.10.25-16.23.33:152][  0]LogConfig: Setting CVar [[r.VolumetricFog.GridSizeZ:128]]
[2022.10.25-16.23.33:152][  0]LogConfig: Setting CVar [[r.VolumetricFog.HistoryMissSupersampleCount:4]]
[2022.10.25-16.23.33:152][  0]LogConfig: Setting CVar [[r.LightMaxDrawDistanceScale:1]]
[2022.10.25-16.23.33:152][  0]LogConfig: Setting CVar [[r.CapsuleShadows:1]]
[2022.10.25-16.23.33:152][  0]LogConfig: Applying CVar settings from Section [PostProcessQuality@3] File [C:/Users/kizelerr/OneDrive - School Board of Seminole County/Documents/GitHub/GameDesign6/GameDesign6/Saved/Config/Windows/Scalability.ini]
[2022.10.25-16.23.33:152][  0]LogConfig: Setting CVar [[r.MotionBlurQuality:4]]
[2022.10.25-16.23.33:153][  0]LogConfig: Setting CVar [[r.AmbientOcclusionMipLevelFactor:0.4]]
[2022.10.25-16.23.33:153][  0]LogConfig: Setting CVar [[r.AmbientOcclusionMaxQuality:100]]
[2022.10.25-16.23.33:153][  0]LogConfig: Setting CVar [[r.AmbientOcclusionLevels:-1]]
[2022.10.25-16.23.33:153][  0]LogConfig: Setting CVar [[r.AmbientOcclusionRadiusScale:1.0]]
[2022.10.25-16.23.33:153][  0]LogConfig: Setting CVar [[r.DepthOfFieldQuality:2]]
[2022.10.25-16.23.33:153][  0]LogConfig: Setting CVar [[r.RenderTargetPoolMin:400]]
[2022.10.25-16.23.33:153][  0]LogConfig: Setting CVar [[r.LensFlareQuality:2]]
[2022.10.25-16.23.33:153][  0]LogConfig: Setting CVar [[r.SceneColorFringeQuality:1]]
[2022.10.25-16.23.33:153][  0]LogConfig: Setting CVar [[r.EyeAdaptationQuality:2]]
[2022.10.25-16.23.33:153][  0]LogConfig: Setting CVar [[r.BloomQuality:5]]
[2022.10.25-16.23.33:153][  0]LogConfig: Setting CVar [[r.FastBlurThreshold:100]]
[2022.10.25-16.23.33:153][  0]LogConfig: Setting CVar [[r.Upscale.Quality:3]]
[2022.10.25-16.23.33:153][  0]LogConfig: Setting CVar [[r.Tonemapper.GrainQuantization:1]]
[2022.10.25-16.23.33:153][  0]LogConfig: Setting CVar [[r.LightShaftQuality:1]]
[2022.10.25-16.23.33:153][  0]LogConfig: Setting CVar [[r.Filter.SizeScale:1]]
[2022.10.25-16.23.33:153][  0]LogConfig: Setting CVar [[r.Tonemapper.Quality:5]]
[2022.10.25-16.23.33:153][  0]LogConfig: Setting CVar [[r.DOF.Gather.AccumulatorQuality:1        ; higher gathering accumulator quality]]
[2022.10.25-16.23.33:153][  0]LogConfig: Setting CVar [[r.DOF.Gather.PostfilterMethod:1          ; Median3x3 postfilering method]]
[2022.10.25-16.23.33:153][  0]LogConfig: Setting CVar [[r.DOF.Gather.EnableBokehSettings:0       ; no bokeh simulation when gathering]]
[2022.10.25-16.23.33:153][  0]LogConfig: Setting CVar [[r.DOF.Gather.RingCount:4                 ; medium number of samples when gathering]]
[2022.10.25-16.23.33:153][  0]LogConfig: Setting CVar [[r.DOF.Scatter.ForegroundCompositing:1    ; additive foreground scattering]]
[2022.10.25-16.23.33:153][  0]LogConfig: Setting CVar [[r.DOF.Scatter.BackgroundCompositing:2    ; additive background scattering]]
[2022.10.25-16.23.33:153][  0]LogConfig: Setting CVar [[r.DOF.Scatter.EnableBokehSettings:1      ; bokeh simulation when scattering]]
[2022.10.25-16.23.33:153][  0]LogConfig: Setting CVar [[r.DOF.Scatter.MaxSpriteRatio:0.1         ; only a maximum of 10% of scattered bokeh]]
[2022.10.25-16.23.33:153][  0]LogConfig: Setting CVar [[r.DOF.Recombine.Quality:1                ; cheap slight out of focus]]
[2022.10.25-16.23.33:153][  0]LogConfig: Setting CVar [[r.DOF.Recombine.EnableBokehSettings:0    ; no bokeh simulation on slight out of focus]]
[2022.10.25-16.23.33:153][  0]LogConfig: Setting CVar [[r.DOF.TemporalAAQuality:1                ; more stable temporal accumulation]]
[2022.10.25-16.23.33:153][  0]LogConfig: Setting CVar [[r.DOF.Kernel.MaxForegroundRadius:0.025]]
[2022.10.25-16.23.33:153][  0]LogConfig: Setting CVar [[r.DOF.Kernel.MaxBackgroundRadius:0.025]]
[2022.10.25-16.23.33:153][  0]LogConfig: Applying CVar settings from Section [TextureQuality@3] File [C:/Users/kizelerr/OneDrive - School Board of Seminole County/Documents/GitHub/GameDesign6/GameDesign6/Saved/Config/Windows/Scalability.ini]
[2022.10.25-16.23.33:153][  0]LogConfig: Setting CVar [[r.Streaming.MipBias:0]]
[2022.10.25-16.23.33:153][  0]LogConfig: Setting CVar [[r.Streaming.AmortizeCPUToGPUCopy:0]]
[2022.10.25-16.23.33:153][  0]LogConfig: Setting CVar [[r.Streaming.MaxNumTexturesToStreamPerFrame:0]]
[2022.10.25-16.23.33:153][  0]LogConfig: Setting CVar [[r.Streaming.Boost:1]]
[2022.10.25-16.23.33:153][  0]LogConfig: Setting CVar [[r.MaxAnisotropy:8]]
[2022.10.25-16.23.33:153][  0]LogConfig: Setting CVar [[r.VT.MaxAnisotropy:8]]
[2022.10.25-16.23.33:153][  0]LogConfig: Setting CVar [[r.Streaming.LimitPoolSizeToVRAM:0]]
[2022.10.25-16.23.33:153][  0]LogConfig: Setting CVar [[r.Streaming.PoolSize:1000]]
[2022.10.25-16.23.33:153][  0]LogConfig: Setting CVar [[r.Streaming.MaxEffectiveScreenSize:0]]
[2022.10.25-16.23.33:153][  0]LogConfig: Applying CVar settings from Section [EffectsQuality@3] File [C:/Users/kizelerr/OneDrive - School Board of Seminole County/Documents/GitHub/GameDesign6/GameDesign6/Saved/Config/Windows/Scalability.ini]
[2022.10.25-16.23.33:153][  0]LogConfig: Setting CVar [[r.TranslucencyLightingVolumeDim:64]]
[2022.10.25-16.23.33:153][  0]LogConfig: Setting CVar [[r.RefractionQuality:2]]
[2022.10.25-16.23.33:153][  0]LogConfig: Setting CVar [[r.SSR.Quality:3]]
[2022.10.25-16.23.33:153][  0]LogConfig: Setting CVar [[r.SSR.HalfResSceneColor:0]]
[2022.10.25-16.23.33:153][  0]LogConfig: Setting CVar [[r.SceneColorFormat:4]]
[2022.10.25-16.23.33:153][  0]LogConfig: Setting CVar [[r.DetailMode:2]]
[2022.10.25-16.23.33:153][  0]LogConfig: Setting CVar [[r.TranslucencyVolumeBlur:1]]
[2022.10.25-16.23.33:153][  0]LogConfig: Setting CVar [[r.MaterialQualityLevel:1 ; High quality]]
[2022.10.25-16.23.33:153][  0]LogConfig: Setting CVar [[r.AnisotropicMaterials:1]]
[2022.10.25-16.23.33:153][  0]LogConfig: Setting CVar [[r.SSS.Scale:1]]
[2022.10.25-16.23.33:153][  0]LogConfig: Setting CVar [[r.SSS.SampleSet:2]]
[2022.10.25-16.23.33:153][  0]LogConfig: Setting CVar [[r.SSS.Quality:1]]
[2022.10.25-16.23.33:153][  0]LogConfig: Setting CVar [[r.SSS.HalfRes:0]]
[2022.10.25-16.23.33:153][  0]LogConfig: Setting CVar [[r.SSGI.Quality:3]]
[2022.10.25-16.23.33:153][  0]LogConfig: Setting CVar [[r.EmitterSpawnRateScale:1.0]]
[2022.10.25-16.23.33:153][  0]LogConfig: Setting CVar [[r.ParticleLightQuality:2]]
[2022.10.25-16.23.33:153][  0]LogConfig: Setting CVar [[r.SkyAtmosphere.AerialPerspectiveLUT.FastApplyOnOpaque:1 ; Always have FastSkyLUT 1 in this case to avoid wrong sky]]
[2022.10.25-16.23.33:153][  0]LogConfig: Setting CVar [[r.SkyAtmosphere.AerialPerspectiveLUT.SampleCountMaxPerSlice:4]]
[2022.10.25-16.23.33:153][  0]LogConfig: Setting CVar [[r.SkyAtmosphere.AerialPerspectiveLUT.DepthResolution:16.0]]
[2022.10.25-16.23.33:153][  0]LogConfig: Setting CVar [[r.SkyAtmosphere.FastSkyLUT:1]]
[2022.10.25-16.23.33:153][  0]LogConfig: Setting CVar [[r.SkyAtmosphere.FastSkyLUT.SampleCountMin:4.0]]
[2022.10.25-16.23.33:154][  0]LogConfig: Setting CVar [[r.SkyAtmosphere.FastSkyLUT.SampleCountMax:128.0]]
[2022.10.25-16.23.33:154][  0]LogConfig: Setting CVar [[r.SkyAtmosphere.SampleCountMin:4.0]]
[2022.10.25-16.23.33:154][  0]LogConfig: Setting CVar [[r.SkyAtmosphere.SampleCountMax:128.0]]
[2022.10.25-16.23.33:154][  0]LogConfig: Setting CVar [[r.SkyAtmosphere.TransmittanceLUT.UseSmallFormat:0]]
[2022.10.25-16.23.33:154][  0]LogConfig: Setting CVar [[r.SkyAtmosphere.TransmittanceLUT.SampleCount:10.0]]
[2022.10.25-16.23.33:154][  0]LogConfig: Setting CVar [[r.SkyAtmosphere.MultiScatteringLUT.SampleCount:15.0]]
[2022.10.25-16.23.33:154][  0]LogConfig: Setting CVar [[r.SkyLight.RealTimeReflectionCapture:1]]
[2022.10.25-16.23.33:154][  0]LogConfig: Applying CVar settings from Section [FoliageQuality@3] File [C:/Users/kizelerr/OneDrive - School Board of Seminole County/Documents/GitHub/GameDesign6/GameDesign6/Saved/Config/Windows/Scalability.ini]
[2022.10.25-16.23.33:154][  0]LogConfig: Setting CVar [[foliage.DensityScale:1.0]]
[2022.10.25-16.23.33:154][  0]LogConfig: Setting CVar [[grass.DensityScale:1.0]]
[2022.10.25-16.23.33:154][  0]LogConfig: Applying CVar settings from Section [ShadingQuality@3] File [C:/Users/kizelerr/OneDrive - School Board of Seminole County/Documents/GitHub/GameDesign6/GameDesign6/Saved/Config/Windows/Scalability.ini]
[2022.10.25-16.23.33:154][  0]LogConfig: Setting CVar [[r.HairStrands.SkyLighting.IntegrationType:2]]
[2022.10.25-16.23.33:154][  0]LogConfig: Setting CVar [[r.HairStrands.SkyAO.SampleCount:4]]
[2022.10.25-16.23.33:154][  0]LogConfig: Setting CVar [[r.HairStrands.Visibility.MSAA.SamplePerPixel:4]]
[2022.10.25-16.23.33:154][  0]LogInit: Selected Device Profile: [Windows]
[2022.10.25-16.23.33:154][  0]LogInit: Applying CVar settings loaded from the selected device profile: [Windows]
[2022.10.25-16.23.33:154][  0]LogHAL: Display: Platform has ~ 16 GB [17054666752 / 17179869184 / 16], which maps to Larger [LargestMinGB=32, LargerMinGB=12, DefaultMinGB=8, SmallerMinGB=6, SmallestMinGB=0)
[2022.10.25-16.23.33:154][  0]LogInit: Going up to parent DeviceProfile []
[2022.10.25-16.23.33:154][  0]LogConfig: Applying CVar settings from Section [ViewDistanceQuality@3] File [C:/Users/kizelerr/OneDrive - School Board of Seminole County/Documents/GitHub/GameDesign6/GameDesign6/Saved/Config/Windows/Scalability.ini]
[2022.10.25-16.23.33:154][  0]LogConfig: Setting CVar [[r.SkeletalMeshLODBias:0]]
[2022.10.25-16.23.33:154][  0]LogConfig: Setting CVar [[r.ViewDistanceScale:1.0]]
[2022.10.25-16.23.33:154][  0]LogConfig: Applying CVar settings from Section [AntiAliasingQuality@3] File [C:/Users/kizelerr/OneDrive - School Board of Seminole County/Documents/GitHub/GameDesign6/GameDesign6/Saved/Config/Windows/Scalability.ini]
[2022.10.25-16.23.33:154][  0]LogConfig: Setting CVar [[r.PostProcessAAQuality:4]]
[2022.10.25-16.23.33:154][  0]LogConfig: Applying CVar settings from Section [ShadowQuality@3] File [C:/Users/kizelerr/OneDrive - School Board of Seminole County/Documents/GitHub/GameDesign6/GameDesign6/Saved/Config/Windows/Scalability.ini]
[2022.10.25-16.23.33:154][  0]LogConfig: Setting CVar [[r.LightFunctionQuality:1]]
[2022.10.25-16.23.33:154][  0]LogConfig: Setting CVar [[r.ShadowQuality:5]]
[2022.10.25-16.23.33:154][  0]LogConfig: Setting CVar [[r.Shadow.CSM.MaxCascades:10]]
[2022.10.25-16.23.33:154][  0]LogConfig: Setting CVar [[r.Shadow.MaxResolution:2048]]
[2022.10.25-16.23.33:154][  0]LogConfig: Setting CVar [[r.Shadow.MaxCSMResolution:2048]]
[2022.10.25-16.23.33:154][  0]LogConfig: Setting CVar [[r.Shadow.RadiusThreshold:0.01]]
[2022.10.25-16.23.33:154][  0]LogConfig: Setting CVar [[r.Shadow.DistanceScale:1.0]]
[2022.10.25-16.23.33:154][  0]LogConfig: Setting CVar [[r.Shadow.CSM.TransitionScale:1.0]]
[2022.10.25-16.23.33:154][  0]LogConfig: Setting CVar [[r.Shadow.PreShadowResolutionFactor:1.0]]
[2022.10.25-16.23.33:154][  0]LogConfig: Setting CVar [[r.DistanceFieldShadowing:1]]
[2022.10.25-16.23.33:154][  0]LogConfig: Setting CVar [[r.DistanceFieldAO:1]]
[2022.10.25-16.23.33:154][  0]LogConfig: Setting CVar [[r.AOQuality:2]]
[2022.10.25-16.23.33:154][  0]LogConfig: Setting CVar [[r.VolumetricFog:1]]
[2022.10.25-16.23.33:154][  0]LogConfig: Setting CVar [[r.VolumetricFog.GridPixelSize:8]]
[2022.10.25-16.23.33:154][  0]LogConfig: Setting CVar [[r.VolumetricFog.GridSizeZ:128]]
[2022.10.25-16.23.33:154][  0]LogConfig: Setting CVar [[r.VolumetricFog.HistoryMissSupersampleCount:4]]
[2022.10.25-16.23.33:154][  0]LogConfig: Setting CVar [[r.LightMaxDrawDistanceScale:1]]
[2022.10.25-16.23.33:154][  0]LogConfig: Setting CVar [[r.CapsuleShadows:1]]
[2022.10.25-16.23.33:154][  0]LogConfig: Applying CVar settings from Section [PostProcessQuality@3] File [C:/Users/kizelerr/OneDrive - School Board of Seminole County/Documents/GitHub/GameDesign6/GameDesign6/Saved/Config/Windows/Scalability.ini]
[2022.10.25-16.23.33:154][  0]LogConfig: Setting CVar [[r.MotionBlurQuality:4]]
[2022.10.25-16.23.33:154][  0]LogConfig: Setting CVar [[r.AmbientOcclusionMipLevelFactor:0.4]]
[2022.10.25-16.23.33:154][  0]LogConfig: Setting CVar [[r.AmbientOcclusionMaxQuality:100]]
[2022.10.25-16.23.33:154][  0]LogConfig: Setting CVar [[r.AmbientOcclusionLevels:-1]]
[2022.10.25-16.23.33:154][  0]LogConfig: Setting CVar [[r.AmbientOcclusionRadiusScale:1.0]]
[2022.10.25-16.23.33:154][  0]LogConfig: Setting CVar [[r.DepthOfFieldQuality:2]]
[2022.10.25-16.23.33:154][  0]LogConfig: Setting CVar [[r.RenderTargetPoolMin:400]]
[2022.10.25-16.23.33:154][  0]LogConfig: Setting CVar [[r.LensFlareQuality:2]]
[2022.10.25-16.23.33:154][  0]LogConfig: Setting CVar [[r.SceneColorFringeQuality:1]]
[2022.10.25-16.23.33:154][  0]LogConfig: Setting CVar [[r.EyeAdaptationQuality:2]]
[2022.10.25-16.23.33:154][  0]LogConfig: Setting CVar [[r.BloomQuality:5]]
[2022.10.25-16.23.33:154][  0]LogConfig: Setting CVar [[r.FastBlurThreshold:100]]
[2022.10.25-16.23.33:154][  0]LogConfig: Setting CVar [[r.Upscale.Quality:3]]
[2022.10.25-16.23.33:154][  0]LogConfig: Setting CVar [[r.Tonemapper.GrainQuantization:1]]
[2022.10.25-16.23.33:155][  0]LogConfig: Setting CVar [[r.LightShaftQuality:1]]
[2022.10.25-16.23.33:155][  0]LogConfig: Setting CVar [[r.Filter.SizeScale:1]]
[2022.10.25-16.23.33:155][  0]LogConfig: Setting CVar [[r.Tonemapper.Quality:5]]
[2022.10.25-16.23.33:155][  0]LogConfig: Setting CVar [[r.DOF.Gather.AccumulatorQuality:1        ; higher gathering accumulator quality]]
[2022.10.25-16.23.33:155][  0]LogConfig: Setting CVar [[r.DOF.Gather.PostfilterMethod:1          ; Median3x3 postfilering method]]
[2022.10.25-16.23.33:155][  0]LogConfig: Setting CVar [[r.DOF.Gather.EnableBokehSettings:0       ; no bokeh simulation when gathering]]
[2022.10.25-16.23.33:155][  0]LogConfig: Setting CVar [[r.DOF.Gather.RingCount:4                 ; medium number of samples when gathering]]
[2022.10.25-16.23.33:155][  0]LogConfig: Setting CVar [[r.DOF.Scatter.ForegroundCompositing:1    ; additive foreground scattering]]
[2022.10.25-16.23.33:155][  0]LogConfig: Setting CVar [[r.DOF.Scatter.BackgroundCompositing:2    ; additive background scattering]]
[2022.10.25-16.23.33:155][  0]LogConfig: Setting CVar [[r.DOF.Scatter.EnableBokehSettings:1      ; bokeh simulation when scattering]]
[2022.10.25-16.23.33:155][  0]LogConfig: Setting CVar [[r.DOF.Scatter.MaxSpriteRatio:0.1         ; only a maximum of 10% of scattered bokeh]]
[2022.10.25-16.23.33:155][  0]LogConfig: Setting CVar [[r.DOF.Recombine.Quality:1                ; cheap slight out of focus]]
[2022.10.25-16.23.33:155][  0]LogConfig: Setting CVar [[r.DOF.Recombine.EnableBokehSettings:0    ; no bokeh simulation on slight out of focus]]
[2022.10.25-16.23.33:155][  0]LogConfig: Setting CVar [[r.DOF.TemporalAAQuality:1                ; more stable temporal accumulation]]
[2022.10.25-16.23.33:155][  0]LogConfig: Setting CVar [[r.DOF.Kernel.MaxForegroundRadius:0.025]]
[2022.10.25-16.23.33:155][  0]LogConfig: Setting CVar [[r.DOF.Kernel.MaxBackgroundRadius:0.025]]
[2022.10.25-16.23.33:155][  0]LogConfig: Applying CVar settings from Section [TextureQuality@3] File [C:/Users/kizelerr/OneDrive - School Board of Seminole County/Documents/GitHub/GameDesign6/GameDesign6/Saved/Config/Windows/Scalability.ini]
[2022.10.25-16.23.33:155][  0]LogConfig: Setting CVar [[r.Streaming.MipBias:0]]
[2022.10.25-16.23.33:155][  0]LogConfig: Setting CVar [[r.Streaming.AmortizeCPUToGPUCopy:0]]
[2022.10.25-16.23.33:155][  0]LogConfig: Setting CVar [[r.Streaming.MaxNumTexturesToStreamPerFrame:0]]
[2022.10.25-16.23.33:155][  0]LogConfig: Setting CVar [[r.Streaming.Boost:1]]
[2022.10.25-16.23.33:155][  0]LogConfig: Setting CVar [[r.MaxAnisotropy:8]]
[2022.10.25-16.23.33:155][  0]LogConfig: Setting CVar [[r.VT.MaxAnisotropy:8]]
[2022.10.25-16.23.33:155][  0]LogConfig: Setting CVar [[r.Streaming.LimitPoolSizeToVRAM:0]]
[2022.10.25-16.23.33:155][  0]LogConfig: Setting CVar [[r.Streaming.PoolSize:1000]]
[2022.10.25-16.23.33:155][  0]LogConfig: Setting CVar [[r.Streaming.MaxEffectiveScreenSize:0]]
[2022.10.25-16.23.33:155][  0]LogConfig: Applying CVar settings from Section [EffectsQuality@3] File [C:/Users/kizelerr/OneDrive - School Board of Seminole County/Documents/GitHub/GameDesign6/GameDesign6/Saved/Config/Windows/Scalability.ini]
[2022.10.25-16.23.33:155][  0]LogConfig: Setting CVar [[r.TranslucencyLightingVolumeDim:64]]
[2022.10.25-16.23.33:155][  0]LogConfig: Setting CVar [[r.RefractionQuality:2]]
[2022.10.25-16.23.33:155][  0]LogConfig: Setting CVar [[r.SSR.Quality:3]]
[2022.10.25-16.23.33:155][  0]LogConfig: Setting CVar [[r.SSR.HalfResSceneColor:0]]
[2022.10.25-16.23.33:155][  0]LogConfig: Setting CVar [[r.SceneColorFormat:4]]
[2022.10.25-16.23.33:155][  0]LogConfig: Setting CVar [[r.DetailMode:2]]
[2022.10.25-16.23.33:155][  0]LogConfig: Setting CVar [[r.TranslucencyVolumeBlur:1]]
[2022.10.25-16.23.33:155][  0]LogConfig: Setting CVar [[r.MaterialQualityLevel:1 ; High quality]]
[2022.10.25-16.23.33:155][  0]LogConfig: Setting CVar [[r.AnisotropicMaterials:1]]
[2022.10.25-16.23.33:155][  0]LogConfig: Setting CVar [[r.SSS.Scale:1]]
[2022.10.25-16.23.33:155][  0]LogConfig: Setting CVar [[r.SSS.SampleSet:2]]
[2022.10.25-16.23.33:155][  0]LogConfig: Setting CVar [[r.SSS.Quality:1]]
[2022.10.25-16.23.33:155][  0]LogConfig: Setting CVar [[r.SSS.HalfRes:0]]
[2022.10.25-16.23.33:155][  0]LogConfig: Setting CVar [[r.SSGI.Quality:3]]
[2022.10.25-16.23.33:155][  0]LogConfig: Setting CVar [[r.EmitterSpawnRateScale:1.0]]
[2022.10.25-16.23.33:155][  0]LogConfig: Setting CVar [[r.ParticleLightQuality:2]]
[2022.10.25-16.23.33:155][  0]LogConfig: Setting CVar [[r.SkyAtmosphere.AerialPerspectiveLUT.FastApplyOnOpaque:1 ; Always have FastSkyLUT 1 in this case to avoid wrong sky]]
[2022.10.25-16.23.33:155][  0]LogConfig: Setting CVar [[r.SkyAtmosphere.AerialPerspectiveLUT.SampleCountMaxPerSlice:4]]
[2022.10.25-16.23.33:155][  0]LogConfig: Setting CVar [[r.SkyAtmosphere.AerialPerspectiveLUT.DepthResolution:16.0]]
[2022.10.25-16.23.33:155][  0]LogConfig: Setting CVar [[r.SkyAtmosphere.FastSkyLUT:1]]
[2022.10.25-16.23.33:155][  0]LogConfig: Setting CVar [[r.SkyAtmosphere.FastSkyLUT.SampleCountMin:4.0]]
[2022.10.25-16.23.33:155][  0]LogConfig: Setting CVar [[r.SkyAtmosphere.FastSkyLUT.SampleCountMax:128.0]]
[2022.10.25-16.23.33:155][  0]LogConfig: Setting CVar [[r.SkyAtmosphere.SampleCountMin:4.0]]
[2022.10.25-16.23.33:155][  0]LogConfig: Setting CVar [[r.SkyAtmosphere.SampleCountMax:128.0]]
[2022.10.25-16.23.33:155][  0]LogConfig: Setting CVar [[r.SkyAtmosphere.TransmittanceLUT.UseSmallFormat:0]]
[2022.10.25-16.23.33:155][  0]LogConfig: Setting CVar [[r.SkyAtmosphere.TransmittanceLUT.SampleCount:10.0]]
[2022.10.25-16.23.33:155][  0]LogConfig: Setting CVar [[r.SkyAtmosphere.MultiScatteringLUT.SampleCount:15.0]]
[2022.10.25-16.23.33:155][  0]LogConfig: Setting CVar [[r.SkyLight.RealTimeReflectionCapture:1]]
[2022.10.25-16.23.33:155][  0]LogConfig: Applying CVar settings from Section [FoliageQuality@3] File [C:/Users/kizelerr/OneDrive - School Board of Seminole County/Documents/GitHub/GameDesign6/GameDesign6/Saved/Config/Windows/Scalability.ini]
[2022.10.25-16.23.33:155][  0]LogConfig: Setting CVar [[foliage.DensityScale:1.0]]
[2022.10.25-16.23.33:155][  0]LogConfig: Setting CVar [[grass.DensityScale:1.0]]
[2022.10.25-16.23.33:155][  0]LogConfig: Applying CVar settings from Section [ShadingQuality@3] File [C:/Users/kizelerr/OneDrive - School Board of Seminole County/Documents/GitHub/GameDesign6/GameDesign6/Saved/Config/Windows/Scalability.ini]
[2022.10.25-16.23.33:155][  0]LogConfig: Setting CVar [[r.HairStrands.SkyLighting.IntegrationType:2]]
[2022.10.25-16.23.33:155][  0]LogConfig: Setting CVar [[r.HairStrands.SkyAO.SampleCount:4]]
[2022.10.25-16.23.33:155][  0]LogConfig: Setting CVar [[r.HairStrands.Visibility.MSAA.SamplePerPixel:4]]
[2022.10.25-16.23.33:155][  0]LogConfig: Applying CVar settings from Section [Startup] File [../../../Engine/Config/ConsoleVariables.ini]
[2022.10.25-16.23.33:156][  0]LogConfig: Setting CVar [[net.UseAdaptiveNetUpdateFrequency:0]]
[2022.10.25-16.23.33:156][  0]LogConfig: Setting CVar [[p.chaos.AllowCreatePhysxBodies:1]]
[2022.10.25-16.23.33:156][  0]LogConfig: Setting CVar [[fx.SkipVectorVMBackendOptimizations:1]]
[2022.10.25-16.23.33:156][  0]LogConfig: Applying CVar settings from Section [ConsoleVariables] File [C:/Users/kizelerr/OneDrive - School Board of Seminole County/Documents/GitHub/GameDesign6/GameDesign6/Saved/Config/Windows/Engine.ini]
[2022.10.25-16.23.33:156][  0]LogConfig: Applying CVar settings from Section [ConsoleVariables] File [C:/Users/kizelerr/OneDrive - School Board of Seminole County/Documents/GitHub/GameDesign6/GameDesign6/Saved/Config/Windows/Editor.ini]
[2022.10.25-16.23.33:156][  0]LogInit: Computer: CAIT-CND737B21W
[2022.10.25-16.23.33:157][  0]LogInit: User: kizelerr
[2022.10.25-16.23.33:157][  0]LogInit: CPU Page size=4096, Cores=4
[2022.10.25-16.23.33:157][  0]LogInit: High frequency timer resolution =10.000000 MHz
[2022.10.25-16.23.33:157][  0]LogMemory: Memory total: Physical=15.9GB (16GB approx)
[2022.10.25-16.23.33:157][  0]LogMemory: Platform Memory Stats for Windows
[2022.10.25-16.23.33:157][  0]LogMemory: Process Physical Memory: 144.23 MB used, 144.23 MB peak
[2022.10.25-16.23.33:157][  0]LogMemory: Process Virtual Memory: 128.64 MB used, 128.64 MB peak
[2022.10.25-16.23.33:157][  0]LogMemory: Physical Memory: 8657.25 MB used,  7607.34 MB free, 16264.60 MB total
[2022.10.25-16.23.33:157][  0]LogMemory: Virtual Memory: 134210776.00 MB used,  6948.67 MB free, 134217728.00 MB total
[2022.10.25-16.23.33:164][  0]LogWindows: WindowsPlatformFeatures enabled
[2022.10.25-16.23.33:197][  0]LogInit: Physics initialised using underlying interface: PhysX
[2022.10.25-16.23.33:198][  0]LogInit: Using OS detected language (en-US).
[2022.10.25-16.23.33:198][  0]LogInit: Using OS detected locale (en-US).
[2022.10.25-16.23.33:205][  0]LogTextLocalizationManager: No specific localization for 'en-US' exists, so the 'en' localization will be used.
[2022.10.25-16.23.33:516][  0]LogInit: Setting process to per monitor DPI aware
[2022.10.25-16.23.33:545][  0]LogWindowsTextInputMethodSystem: Display: IME system deactivated.
[2022.10.25-16.23.33:581][  0]LogSlate: New Slate User Created.  User Index 0, Is Virtual User: 0
[2022.10.25-16.23.33:582][  0]LogSlate: Slate User Registered.  User Index 0, Is Virtual User: 0
[2022.10.25-16.23.33:914][  0]LogD3D11RHI: Loaded GFSDK_Aftermath_Lib.x64.dll
[2022.10.25-16.23.33:922][  0]LogHMD: Failed to initialize OpenVR with code 110
[2022.10.25-16.23.33:922][  0]LogD3D11RHI: D3D11 min allowed feature level: 11_0
[2022.10.25-16.23.33:922][  0]LogD3D11RHI: D3D11 max allowed feature level: 11_0
[2022.10.25-16.23.33:922][  0]LogD3D11RHI: D3D11 adapters:
[2022.10.25-16.23.34:094][  0]LogD3D11RHI:    0. 'NVIDIA Quadro M1000M' (Feature Level 11_0)
[2022.10.25-16.23.34:094][  0]LogD3D11RHI:       4053/0/8132 MB DedicatedVideo/DedicatedSystem/SharedSystem, Outputs:2, VendorId:0x10de
[2022.10.25-16.23.34:131][  0]LogD3D11RHI:    1. 'Intel(R) HD Graphics 530' (Feature Level 11_0)
[2022.10.25-16.23.34:131][  0]LogD3D11RHI:       128/0/8132 MB DedicatedVideo/DedicatedSystem/SharedSystem, Outputs:1, VendorId:0x8086
[2022.10.25-16.23.34:136][  0]LogD3D11RHI:    2. 'Microsoft Basic Render Driver' (Feature Level 11_0)
[2022.10.25-16.23.34:136][  0]LogD3D11RHI:       0/0/8132 MB DedicatedVideo/DedicatedSystem/SharedSystem, Outputs:0, VendorId:0x1414
[2022.10.25-16.23.34:136][  0]LogD3D11RHI: Chosen D3D11 Adapter:
[2022.10.25-16.23.34:136][  0]LogD3D11RHI:     Description : NVIDIA Quadro M1000M
[2022.10.25-16.23.34:136][  0]LogD3D11RHI:     VendorId    : 10de
[2022.10.25-16.23.34:136][  0]LogD3D11RHI:     DeviceId    : 13b1
[2022.10.25-16.23.34:136][  0]LogD3D11RHI:     SubSysId    : 80d4103c
[2022.10.25-16.23.34:136][  0]LogD3D11RHI:     Revision    : 00a2
[2022.10.25-16.23.34:136][  0]LogD3D11RHI:     DedicatedVideoMemory : 4250402816 bytes
[2022.10.25-16.23.34:136][  0]LogD3D11RHI:     DedicatedSystemMemory : 0 bytes
[2022.10.25-16.23.34:136][  0]LogD3D11RHI:     SharedSystemMemory : 8527333376 bytes
[2022.10.25-16.23.34:136][  0]LogD3D11RHI:     AdapterLuid : 0 51103
[2022.10.25-16.23.34:150][  0]LogD3D11RHI: Creating new Direct3DDevice
[2022.10.25-16.23.34:150][  0]LogD3D11RHI:     GPU DeviceId: 0x13b1 (for the marketing name, search the web for "GPU Device Id")
[2022.10.25-16.23.34:150][  0]LogWindows: EnumDisplayDevices:
[2022.10.25-16.23.34:151][  0]LogWindows:    0. 'Intel(R) HD Graphics 530' (P:0 D:1)
[2022.10.25-16.23.34:151][  0]LogWindows:    1. 'Intel(R) HD Graphics 530' (P:0 D:0)
[2022.10.25-16.23.34:152][  0]LogWindows:    2. 'Intel(R) HD Graphics 530' (P:0 D:0)
[2022.10.25-16.23.34:152][  0]LogWindows:    3. 'NVIDIA Quadro M1000M' (P:0 D:1)
[2022.10.25-16.23.34:153][  0]LogWindows:    4. 'NVIDIA Quadro M1000M' (P:1 D:1)
[2022.10.25-16.23.34:153][  0]LogWindows:    5. 'NVIDIA Quadro M1000M' (P:0 D:0)
[2022.10.25-16.23.34:154][  0]LogWindows:    6. 'NVIDIA Quadro M1000M' (P:0 D:0)
[2022.10.25-16.23.34:154][  0]LogWindows: DebugString: PrimaryIsNotTheChoosenAdapter PrimaryIsNotTheChoosenAdapter PrimaryIsNotTheChoosenAdapter FoundDriverCount:4 
[2022.10.25-16.23.34:154][  0]LogD3D11RHI:     Adapter Name: NVIDIA Quadro M1000M
[2022.10.25-16.23.34:154][  0]LogD3D11RHI:   Driver Version: 516.69 (internal:31.0.15.1669, unified:516.69)
[2022.10.25-16.23.34:154][  0]LogD3D11RHI:      Driver Date: 7-6-2022
[2022.10.25-16.23.34:154][  0]LogRHI: Texture pool is 2837 MB (70% of 4053 MB)
[2022.10.25-16.23.34:154][  0]LogD3D11RHI: Creating D3DDevice using adapter:
[2022.10.25-16.23.34:154][  0]LogD3D11RHI:     Description : NVIDIA Quadro M1000M
[2022.10.25-16.23.34:154][  0]LogD3D11RHI:     VendorId    : 10de
[2022.10.25-16.23.34:154][  0]LogD3D11RHI:     DeviceId    : 13b1
[2022.10.25-16.23.34:154][  0]LogD3D11RHI:     SubSysId    : 80d4103c
[2022.10.25-16.23.34:154][  0]LogD3D11RHI:     Revision    : 00a2
[2022.10.25-16.23.34:154][  0]LogD3D11RHI:     DedicatedVideoMemory : 4250402816 bytes
[2022.10.25-16.23.34:154][  0]LogD3D11RHI:     DedicatedSystemMemory : 0 bytes
[2022.10.25-16.23.34:154][  0]LogD3D11RHI:     SharedSystemMemory : 8527333376 bytes
[2022.10.25-16.23.34:154][  0]LogD3D11RHI:     AdapterLuid : 0 51103
[2022.10.25-16.23.34:268][  0]LogD3D11RHI: RHI has support for 64 bit atomics
[2022.10.25-16.23.34:268][  0]LogD3D11RHI: Async texture creation enabled
[2022.10.25-16.23.34:312][  0]LogD3D11RHI: GPU Timing Frequency: 1000.000000 (Debug: 2 1)
[2022.10.25-16.23.34:397][  0]LogRHI: GeForceNow SDK initialized: 1
[2022.10.25-16.23.34:840][  0]LogTargetPlatformManager: Display: Loaded TargetPlatform 'AllDesktop'
[2022.10.25-16.23.34:877][  0]LogTargetPlatformManager: Display: Loaded TargetPlatform 'Android'
[2022.10.25-16.23.34:877][  0]LogTargetPlatformManager: Display: Loaded TargetPlatform 'Android_ASTC'
[2022.10.25-16.23.34:877][  0]LogTargetPlatformManager: Display: Loaded TargetPlatform 'Android_DXT'
[2022.10.25-16.23.34:877][  0]LogTargetPlatformManager: Display: Loaded TargetPlatform 'Android_ETC2'
[2022.10.25-16.23.34:877][  0]LogTargetPlatformManager: Display: Loaded TargetPlatform 'AndroidClient'
[2022.10.25-16.23.34:877][  0]LogTargetPlatformManager: Display: Loaded TargetPlatform 'Android_ASTCClient'
[2022.10.25-16.23.34:877][  0]LogTargetPlatformManager: Display: Loaded TargetPlatform 'Android_DXTClient'
[2022.10.25-16.23.34:877][  0]LogTargetPlatformManager: Display: Loaded TargetPlatform 'Android_ETC2Client'
[2022.10.25-16.23.34:877][  0]LogTargetPlatformManager: Display: Loaded TargetPlatform 'Android_Multi'
[2022.10.25-16.23.34:877][  0]LogTargetPlatformManager: Display: Loaded TargetPlatform 'Android_MultiClient'
[2022.10.25-16.23.34:904][  0]LogTargetPlatformManager: Display: Loaded TargetPlatform 'IOSClient'
[2022.10.25-16.23.34:904][  0]LogTargetPlatformManager: Display: Loaded TargetPlatform 'IOS'
[2022.10.25-16.23.34:919][  0]LogTargetPlatformManager: Display: Loaded TargetPlatform 'Linux'
[2022.10.25-16.23.34:927][  0]LogTargetPlatformManager: Display: Loaded TargetPlatform 'LinuxNoEditor'
[2022.10.25-16.23.34:932][  0]LogTargetPlatformManager: Display: Loaded TargetPlatform 'LinuxClient'
[2022.10.25-16.23.34:938][  0]LogTargetPlatformManager: Display: Loaded TargetPlatform 'LinuxServer'
[2022.10.25-16.23.34:953][  0]LogTargetPlatformManager: Display: Loaded TargetPlatform 'LinuxAArch64NoEditor'
[2022.10.25-16.23.34:960][  0]LogTargetPlatformManager: Display: Loaded TargetPlatform 'LinuxAArch64Client'
[2022.10.25-16.23.34:967][  0]LogTargetPlatformManager: Display: Loaded TargetPlatform 'LinuxAArch64Server'
[2022.10.25-16.23.35:007][  0]LogTargetPlatformManager: Display: Loaded TargetPlatform 'Lumin'
[2022.10.25-16.23.35:007][  0]LogTargetPlatformManager: Display: Loaded TargetPlatform 'LuminClient'
[2022.10.25-16.23.35:021][  0]LogTargetPlatformManager: Display: Loaded TargetPlatform 'MacNoEditor'
[2022.10.25-16.23.35:026][  0]LogTargetPlatformManager: Display: Loaded TargetPlatform 'Mac'
[2022.10.25-16.23.35:032][  0]LogTargetPlatformManager: Display: Loaded TargetPlatform 'MacClient'
[2022.10.25-16.23.35:048][  0]LogTargetPlatformManager: Display: Loaded TargetPlatform 'MacServer'
[2022.10.25-16.23.35:084][  0]LogTargetPlatformManager: Display: Loaded TargetPlatform 'TVOSClient'
[2022.10.25-16.23.35:084][  0]LogTargetPlatformManager: Display: Loaded TargetPlatform 'TVOS'
[2022.10.25-16.23.35:114][  0]LogTargetPlatformManager: Display: Loaded TargetPlatform 'WindowsNoEditor'
[2022.10.25-16.23.35:123][  0]LogTargetPlatformManager: Display: Loaded TargetPlatform 'Windows'
[2022.10.25-16.23.35:133][  0]LogTargetPlatformManager: Display: Loaded TargetPlatform 'WindowsClient'
[2022.10.25-16.23.35:143][  0]LogTargetPlatformManager: Display: Loaded TargetPlatform 'WindowsServer'
[2022.10.25-16.23.35:143][  0]LogTargetPlatformManager: Display: Building Assets For Windows
[2022.10.25-16.23.35:157][  0]LogAudioDebug: Display: Lib vorbis DLL was dynamically loaded.
[2022.10.25-16.23.35:215][  0]LogTextureFormatOodle: Display: Oodle Texture 2.9.0 init RDO Off
[2022.10.25-16.23.35:292][  0]LogRendererCore: Ray tracing is disabled. Reason: r.RayTracing=0.
[2022.10.25-16.23.35:292][  0]LogShaderCompilers: Guid format shader working directory is -68 characters bigger than the processId version (../../../../../../Users/kizelerr/OneDrive - School Board of Seminole County/Documents/GitHub/GameDesign6/GameDesign6/Intermediate/Shaders/WorkingDirectory/11296/).
[2022.10.25-16.23.35:293][  0]LogShaderCompilers: Cleaned the shader compiler working directory 'C:/Users/kizelerr/AppData/Local/Temp/UnrealShaderWorkingDir/50774E264C6EDBBED220C2B053BDCE7B/'.
[2022.10.25-16.23.35:293][  0]LogXGEController: Cannot use XGE Controller as Incredibuild is not installed on this machine.
[2022.10.25-16.23.35:293][  0]LogShaderCompilers: Cannot use XGE Shader Compiler as Incredibuild is not installed on this machine.
[2022.10.25-16.23.35:294][  0]LogShaderCompilers: Display: Using Local Shader Compiler.
[2022.10.25-16.23.36:377][  0]LogDerivedDataCache: Display: Max Cache Size: 512 MB
[2022.10.25-16.23.36:460][  0]LogDerivedDataCache: Loaded boot cache 0.08s 94MB C:/Users/kizelerr/AppData/Local/UnrealEngine/4.27/DerivedDataCache/Boot.ddc.
[2022.10.25-16.23.36:461][  0]LogDerivedDataCache: Display: Loaded Boot cache: C:/Users/kizelerr/AppData/Local/UnrealEngine/4.27/DerivedDataCache/Boot.ddc
[2022.10.25-16.23.36:461][  0]LogDerivedDataCache: FDerivedDataBackendGraph:  Pak pak cache file ../../../../../../Users/kizelerr/OneDrive - School Board of Seminole County/Documents/GitHub/GameDesign6/GameDesign6/DerivedDataCache/DDC.ddp not found, will not use a pak cache.
[2022.10.25-16.23.36:461][  0]LogDerivedDataCache: Unable to find inner node Pak for hierarchical cache Hierarchy.
[2022.10.25-16.23.36:461][  0]LogDerivedDataCache: FDerivedDataBackendGraph:  CompressedPak pak cache file ../../../../../../Users/kizelerr/OneDrive - School Board of Seminole County/Documents/GitHub/GameDesign6/GameDesign6/DerivedDataCache/Compressed.ddp not found, will not use a pak cache.
[2022.10.25-16.23.36:461][  0]LogDerivedDataCache: Unable to find inner node CompressedPak for hierarchical cache Hierarchy.
[2022.10.25-16.23.36:489][  0]LogDerivedDataCache: Display: Pak cache opened for reading ../../../Engine/DerivedDataCache/Compressed.ddp.
[2022.10.25-16.23.36:489][  0]LogDerivedDataCache: FDerivedDataBackendGraph:  EnterprisePak pak cache file ../../../Enterprise/DerivedDataCache/Compressed.ddp not found, will not use a pak cache.
[2022.10.25-16.23.36:489][  0]LogDerivedDataCache: Unable to find inner node EnterprisePak for hierarchical cache Hierarchy.
[2022.10.25-16.23.36:511][  0]LogDerivedDataCache: Speed tests for C:/Users/kizelerr/AppData/Local/UnrealEngine/Common/DerivedDataCache took 0.02 seconds
[2022.10.25-16.23.36:511][  0]LogDerivedDataCache: Display: Performance to C:/Users/kizelerr/AppData/Local/UnrealEngine/Common/DerivedDataCache: Latency=0.08ms. RandomReadSpeed=143.72MBs, RandomWriteSpeed=61.02MBs. Assigned SpeedClass 'Local'
[2022.10.25-16.23.36:512][  0]LogDerivedDataCache: Using Local data cache path C:/Users/kizelerr/AppData/Local/UnrealEngine/Common/DerivedDataCache: Writable
[2022.10.25-16.23.36:513][  0]LogDerivedDataCache: Shared data cache path not found in *engine.ini, will not use an Shared cache.
[2022.10.25-16.23.36:513][  0]LogDerivedDataCache: Unable to find inner node Shared for hierarchical cache Hierarchy.
[2022.10.25-16.23.36:601][  0]LogSlate: Using FreeType 2.10.0
[2022.10.25-16.23.36:601][  0]LogSlate: SlateFontServices - WITH_FREETYPE: 1, WITH_HARFBUZZ: 1
[2022.10.25-16.23.36:646][  0]LogAssetRegistry: FAssetRegistry took 0.0075 seconds to start up
[2022.10.25-16.23.37:182][  0]LogInit: Selected Device Profile: [Windows]
[2022.10.25-16.23.37:183][  0]LogInit: Active device profile: [0000020DE19DAD00][0000020DD22B7840 49] Windows
[2022.10.25-16.23.37:183][  0]LogInit: Profiles: [0000020DE19DAD00][0000020DD22B7840 49] Windows, [0000020DE19A5500][0000020DD22BFB00 49] WindowsNoEditor, [0000020DE19D9500][0000020DD22C2240 49] WindowsServer, [0000020DE19A6700][0000020DD4B62500 49] WindowsClient, [0000020DE19DA600][0000020DD4B667C0 49] IOS, [0000020DE19A5300][0000020DD4B6AA80 49] iPadAir, [0000020DE19D9B00][0000020DD4B6ED40 49] iPadAir2, [0000020DE1963800][0000020DD4B7F240 49] IPadPro, [0000020DE1963900][0000020DD4B73280 49] iPadAir3, [0000020DE19D8B00][0000020DD22BB500 49] iPadAir4, [0000020DE1961A00][0000020DD4B777C0 49] iPadMini2, [0000020DE19DB900][0000020DD4B83A80 49] iPadMini3, [0000020DE1963C00][0000020DD4B861C0 49] iPadMini4, [0000020DE19DA900][0000020DE1CEE480 49] iPadMini5, [0000020DE198B100][0000020DE1D029C0 49] iPhone6, [0000020DE198B200][0000020DE1CF2A00 49] iPodTouch6, [0000020DE1960800][0000020DE1D0AF40 49] iPhone7, [0000020DE1960700][0000020DE1CFAF80 49] iPodTouch7, [0000020DE1989900][0000020DE1CFF240 49] iPhone5S, [0000020DE1962D00][0000020DD4B7B4C0 49] iPhone6Plus, [0000020DE1988B00][0000020DE1CF7740 49] iPhone6S, [0000020DE1960B00][0000020DE1D0FA00 49] iPhone6SPlus, [0000020DE1989600][0000020DE1D12140 49] iPhone7Plus, [0000020DE1962F00][0000020DE1D16400 49] iPhoneSE, [0000020DE198A200][0000020DE1D1A6C0 49] iPhone8, [0000020DE1961400][0000020DE1D1E980 49] iPhone8Plus, [0000020DE1989F00][0000020DE1D22C40 49] iPhoneX, [0000020DE1961200][0000020DE1D26F00 49] iPhoneXS, [0000020DE198BE00][0000020DE1D2B1C0 49] iPhoneXSMax, [0000020DE1963000][0000020DE1D2F480 49] iPhoneXR, [0000020DE1989C00][0000020DE1D07700 49] iPhone11, [0000020DE1961500][0000020DE1D33980 49] iPhone11Pro, [0000020DE198B600][0000020DE1D3A0C0 49] iPhone11ProMax, [0000020DE1963100][0000020DE1D3E380 49] iPhoneSE2, [0000020DE198A900][0000020DE1D42640 49] iPhone12Mini, [0000020DE1962600][0000020DE1D46900 49] iPhone12, [0000020DE1988600][0000020DE1D4ABC0 49] iPhone12Pro, [0000020DE1962100][0000020DE1D4EE80 49] iPhone12ProMax, [0000020DE198BD00][0000020DE1D53140 49] iPadPro105, [0000020DE1963200][0000020DE1D57400 49] iPadPro129, [0000020DE1988900][0000020DE1D5B6C0 49] iPadPro97, [0000020DE1963A00][0000020DE1D37940 49] iPadPro2_129, [0000020DE198A500][0000020DE1D5FBC0 49] iPad5, [0000020DE1961900][0000020DE1D66300 49] iPad6, [0000020DE1989700][0000020DE1D6A5C0 49] iPad7, [0000020DE1963F00][0000020DE1D6E880 49] iPad8, [0000020DE1989E00][0000020DE1D72B40 49] iPadPro11, [0000020DE1960400][0000020DE1D76E00 49] iPadPro2_11, [0000020DE1988200][0000020DE1D7B0C0 49] iPadPro3_129, [0000020DE1961D00][0000020DE1D7F380 49] iPadPro4_129, [0000020DE198A800][0000020DE1D83640 49] AppleTV, [0000020DE1962000][0000020DE1D87900 49] AppleTV4K, [0000020DE19A6900][0000020DE1D63B80 49] TVOS, [0000020DE1A25000][0000020DE1D8E2C0 49] Mac, [0000020DE19A7F00][0000020DE1D92580 49] MacClient, [0000020DE1A24400][0000020DE1D96840 49] MacNoEditor, [0000020DE19A4200][0000020DE1D9AB00 49] MacServer, [0000020DE1A25500][0000020DE1D9EDC0 49] Linux, [0000020DE19A5000][0000020DE1DA3080 49] LinuxAArch64, [0000020DE1A25200][0000020DE1DA7340 49] LinuxNoEditor, [0000020DE19A4800][0000020DE1DAB600 49] LinuxAArch64NoEditor, [0000020DE1A25300][0000020DE1DAF8C0 49] LinuxClient, [0000020DE19A7500][0000020DE1D8BB40 49] LinuxAArch64Client, [0000020DE1A25C00][0000020DE1DB2240 49] LinuxServer, [0000020DE19A4100][0000020DE1DBA500 49] LinuxAArch64Server, [0000020DE1A24D00][0000020DE1DBE7C0 49] Android, [0000020DE19A7200][0000020DE1DC2A80 49] Android_Low, [0000020DE1A24C00][0000020DE1DC6D40 49] Android_Mid, [0000020DE19A7B00][0000020DE1DCB000 49] Android_High, [0000020DE1A25400][0000020DE1DCF2C0 49] Android_Default, [0000020DE19A6C00][0000020DE1DD3580 49] Android_Adreno4xx, [0000020DE1A24300][0000020DE1DD7840 49] Android_Adreno5xx_Low, [0000020DE19A4E00][0000020DE1DDBB00 49] Android_Adreno5xx, [0000020DE1A25600][0000020DE1DB6200 49] Android_Adreno6xx, [0000020DE1960E00][0000020DE1DDE480 49] Android_Adreno6xx_Vulkan, [0000020DE198BF00][0000020DE1DE6740 49] Android_Mali_T6xx, [0000020DE1961E00][0000020DE1DEAA00 49] Android_Mali_T7xx, [0000020DE198B400][0000020DE1DEECC0 49] Android_Mali_T8xx, [0000020DE1962E00][0000020DE1DF2F80 49] Android_Mali_G71, [0000020DE198A600][0000020DE1DF7240 49] Android_Mali_G72, [0000020DE1961000][0000020DE1DFB500 49] Android_Mali_G72_Vulkan, [0000020DE1989A00][0000020DE1DFF7C0 49] Android_Mali_G76, [0000020DE1960900][0000020DE1E03A80 49] Android_Mali_G76_Vulkan, [0000020DE198AF00][0000020DE1E141C0 49] Android_Mali_G77, [0000020DE1960A00][0000020DE1DE2440 49] Android_Mali_G77_Vulkan, [0000020DE198BB00][0000020DE1E426C0 49] Android_Mali_G78, [0000020DE1961B00][0000020DE1E4A980 49] Android_Mali_G78_Vulkan, [0000020DE1988C00][0000020DE1E4EC40 49] Android_Mali_G710, [0000020DE1963500][0000020DE1E52F00 49] Android_Mali_G710_Vulkan, [0000020DE198AE00][0000020DE1E571C0 49] Android_Vulkan_SM5, [0000020DE1962900][0000020DE1E5B480 49] Android_PowerVR_G6xxx, [0000020DE198BA00][0000020DE1E5F740 49] Android_PowerVR_GT7xxx, [0000020DE1962500][0000020DE1E63A00 49] Android_PowerVR_GE8xxx, [0000020DE198A700][0000020DE1E66140 49] Android_PowerVR_GM9xxx, [0000020DE1960F00][0000020DE1E6A400 49] Android_PowerVR_GM9xxx_Vulkan, [0000020DE1988D00][0000020DE1E46680 49] Android_TegraK1, [0000020DE1963D00][0000020DE1E6E900 49] Android_Unknown_Vulkan, [0000020DE1988400][0000020DE1E76BC0 49] Lumin, [0000020DE19A6B00][0000020DE1E7AE80 49] Lumin_Desktop, [0000020DE19D9600][0000020DE1E7F140 49] HoloLens, 
[2022.10.25-16.23.37:486][  0]LogMeshReduction: Using QuadricMeshReduction for automatic static mesh reduction
[2022.10.25-16.23.37:486][  0]LogMeshReduction: Using SimplygonMeshReduction for automatic skeletal mesh reduction
[2022.10.25-16.23.37:486][  0]LogMeshReduction: Using ProxyLODMeshReduction for automatic mesh merging
[2022.10.25-16.23.37:486][  0]LogMeshReduction: No distributed automatic mesh merging module available
[2022.10.25-16.23.37:486][  0]LogMeshMerging: No distributed automatic mesh merging module available
[2022.10.25-16.23.37:521][  0]LogNetVersion: GameDesign6 1.0.0, NetCL: 17155196, EngineNetVer: 17, GameNetVer: 0 (Checksum: 3577420289)
[2022.10.25-16.23.38:324][  0]LogTexture: Default maximum texture size for cubemaps generated from long-lat sources has been changed from 512 to unlimited. In order to preserve old behaiour for '/Engine/MapTemplates/Sky/DaylightAmbientCubemap.DaylightAmbientCubemap', its maximum texture size has been explicitly set to 512.
[2022.10.25-16.23.38:449][  0]LogHMD: PokeAHoleMaterial loaded successfully
[2022.10.25-16.23.38:461][  0]LogUObjectArray: 17178 objects as part of root set at end of initial load.
[2022.10.25-16.23.38:461][  0]LogUObjectAllocator: 4302048 out of 0 bytes used by permanent object pool.
[2022.10.25-16.23.38:461][  0]LogUObjectArray: CloseDisregardForGC: 0/0 objects in disregard for GC pool
[2022.10.25-16.23.39:054][  0]LogNiagaraDebuggerClient: Niagara Debugger Client Initialized | Session: 4B002A854C16970289838987463C29C5 | Instance: 0DFA936E46177C144DCD9C8F508F5D78 (CAIT-CND737B21W-11296).
[2022.10.25-16.23.39:296][  0]LogPython: Using Python 3.7.7
[2022.10.25-16.23.40:704][  0]LogTcpMessaging: Initializing TcpMessaging bridge
[2022.10.25-16.23.40:756][  0]LogUdpMessaging: Initializing bridge on interface 0.0.0.0:0 to multicast group 230.0.0.1:6666.
